0 info it worked if it ends with ok
1 verbose cli [ '/usr/local/bin/node', '/usr/local/bin/npm', 'publish' ]
2 info using npm@4.1.2
3 info using node@v7.7.4
4 verbose publish [ '.' ]
5 silly cache add args [ '.', null ]
6 verbose cache add spec .
7 silly cache add parsed spec Result {
7 silly cache add   raw: '.',
7 silly cache add   scope: null,
7 silly cache add   escapedName: null,
7 silly cache add   name: null,
7 silly cache add   rawSpec: '.',
7 silly cache add   spec: '/Users/alisaleem/Projects/fin/fin-sentiment',
7 silly cache add   type: 'directory' }
8 verbose addLocalDirectory /Users/alisaleem/.npm/fin-sentiment/1.0.5/package.tgz not in flight; packing
9 verbose correctMkdir /Users/alisaleem/.npm correctMkdir not in flight; initializing
10 warn prepublish-on-install As of npm@5, `prepublish` scripts will run only for `npm publish`.
11 warn prepublish-on-install (In npm@4 and previous versions, it also runs for `npm install`.)
12 warn prepublish-on-install See the deprecation note in `npm help scripts` for more information.
13 info lifecycle fin-sentiment@1.0.5~prepublish: fin-sentiment@1.0.5
14 verbose lifecycle fin-sentiment@1.0.5~prepublish: unsafe-perm in lifecycle true
15 verbose lifecycle fin-sentiment@1.0.5~prepublish: PATH: /usr/local/lib/node_modules/npm/bin/node-gyp-bin:/Users/alisaleem/Projects/fin/fin-sentiment/node_modules/.bin:/usr/local/bin:/usr/bin:/bin:/usr/sbin:/sbin
16 verbose lifecycle fin-sentiment@1.0.5~prepublish: CWD: /Users/alisaleem/Projects/fin/fin-sentiment
17 silly lifecycle fin-sentiment@1.0.5~prepublish: Args: [ '-c', 'tsc && ts-node test/test.ts' ]
18 silly lifecycle fin-sentiment@1.0.5~prepublish: Returned: code: 0  signal: null
19 info lifecycle fin-sentiment@1.0.5~prepare: fin-sentiment@1.0.5
20 silly lifecycle fin-sentiment@1.0.5~prepare: no script for prepare, continuing
21 verbose tar pack [ '/Users/alisaleem/.npm/fin-sentiment/1.0.5/package.tgz',
21 verbose tar pack   '/Users/alisaleem/Projects/fin/fin-sentiment' ]
22 verbose tarball /Users/alisaleem/.npm/fin-sentiment/1.0.5/package.tgz
23 verbose folder /Users/alisaleem/Projects/fin/fin-sentiment
24 verbose addLocalTarball adding from inside cache /Users/alisaleem/.npm/fin-sentiment/1.0.5/package.tgz
25 verbose correctMkdir /Users/alisaleem/.npm correctMkdir not in flight; initializing
26 silly cache afterAdd fin-sentiment@1.0.5
27 verbose afterAdd /Users/alisaleem/.npm/fin-sentiment/1.0.5/package/package.json not in flight; writing
28 verbose correctMkdir /Users/alisaleem/.npm correctMkdir not in flight; initializing
29 verbose afterAdd /Users/alisaleem/.npm/fin-sentiment/1.0.5/package/package.json written
30 silly publish { name: 'fin-sentiment',
30 silly publish   version: '1.0.5',
30 silly publish   description: 'Advanced sentiment detection for FIN NLP',
30 silly publish   main: './dist/index.js',
30 silly publish   types: './dist/index.d.ts',
30 silly publish   scripts:
30 silly publish    { build: 'tsc',
30 silly publish      test: 'ts-node test/test.ts',
30 silly publish      prepublish: 'tsc && ts-node test/test.ts' },
30 silly publish   author: { name: 'Alex Corvi', email: 'alex@arrayy.com' },
30 silly publish   license: 'MIT',
30 silly publish   dependencies: { 'fin-emphasis': '^1.0.3', 'fin-negation': '^1.0.3' },
30 silly publish   repository: { type: 'git', url: 'git+https://github.com/finnlp/en-pos.git' },
30 silly publish   keywords: [ 'nlp', 'sentiment' ],
30 silly publish   bugs: { url: 'https://github.com/finnlp/en-pos/issues' },
30 silly publish   homepage: 'https://github.com/finnlp/en-pos#readme',
30 silly publish   devDependencies: { '@types/node': '^7.0.11', finnlp: '^1.0.25' },
30 silly publish   readme: '# Fin-Sentiment\n\nSentiment detection for Fin natural language processor.\n\n- Positive sentiment: positive number.\n- Negative sentiment: negative number.\n- All other: 0.\n\n## Installation\n\n```\nnpm i --save fin-sentiment\n```\n\n## Usage\n\n```typescript\nimport * as Fin from "finnlp";\nimport "fin-sentiment";\n\nconst sampleA = "That\'s not a good book";\nconst sampleB = "That\'s a good book";\n\nconst resultA = new Fin.Run(sampleA).sentiment();\nconst resultB = new Fin.Run(sampleB).sentiment();\n\nconsole.log(resultA);\nconsole.log(resultB);\n```\n\nThe above example would give:\n\n```javascript\n[\n    [\n        0,\n        0,\n        0,\n        0,\n        0,\n        -3 // negative because it\'s negated\n    ]\n]\n```\n\n```javascript\n[\n    [\n        0,\n        0,\n        0,\n        0,\n        0,\n        3 // positive\n    ]\n]\n```',
30 silly publish   readmeFilename: 'readme.md',
30 silly publish   gitHead: '9e2dfa6584ca73b018d495c95d53b37f22251fe5',
30 silly publish   _id: 'fin-sentiment@1.0.5',
30 silly publish   _shasum: '47b8896d662a77259efbd2531b238fbf9f75e831',
30 silly publish   _from: '.' }
31 info lifecycle fin-sentiment@1.0.5~prepublishOnly: fin-sentiment@1.0.5
32 silly lifecycle fin-sentiment@1.0.5~prepublishOnly: no script for prepublishOnly, continuing
33 verbose getPublishConfig undefined
34 silly mapToRegistry name fin-sentiment
35 silly mapToRegistry using default registry
36 silly mapToRegistry registry https://registry.npmjs.org/
37 silly mapToRegistry data Result {
37 silly mapToRegistry   raw: 'fin-sentiment',
37 silly mapToRegistry   scope: null,
37 silly mapToRegistry   escapedName: 'fin-sentiment',
37 silly mapToRegistry   name: 'fin-sentiment',
37 silly mapToRegistry   rawSpec: '',
37 silly mapToRegistry   spec: 'latest',
37 silly mapToRegistry   type: 'tag' }
38 silly mapToRegistry uri https://registry.npmjs.org/fin-sentiment
39 verbose publish registryBase https://registry.npmjs.org/
40 silly publish uploading /Users/alisaleem/.npm/fin-sentiment/1.0.5/package.tgz
41 verbose request uri https://registry.npmjs.org/fin-sentiment
42 verbose request sending authorization for write operation
43 info attempt registry request try #1 at 3:14:43 PM
44 verbose request using bearer token for auth
45 verbose request id 9291a5ed28313c62
46 http request PUT https://registry.npmjs.org/fin-sentiment
47 http 403 https://registry.npmjs.org/fin-sentiment
48 verbose headers { 'content-type': 'application/json',
48 verbose headers   'cache-control': 'max-age=300',
48 verbose headers   'content-length': '95',
48 verbose headers   'accept-ranges': 'bytes',
48 verbose headers   date: 'Fri, 31 Mar 2017 12:14:44 GMT',
48 verbose headers   via: '1.1 varnish',
48 verbose headers   connection: 'keep-alive',
48 verbose headers   'x-served-by': 'cache-hhn1548-HHN',
48 verbose headers   'x-cache': 'MISS',
48 verbose headers   'x-cache-hits': '0',
48 verbose headers   'x-timer': 'S1490962483.972771,VS0,VE895',
48 verbose headers   vary: 'Accept-Encoding' }
49 verbose request invalidating /Users/alisaleem/.npm/registry.npmjs.org/fin-sentiment on PUT
50 error publish Failed PUT 403
51 verbose stack Error: "You cannot publish over the previously published version 1.0.5." : fin-sentiment
51 verbose stack     at makeError (/usr/local/lib/node_modules/npm/node_modules/npm-registry-client/lib/request.js:304:12)
51 verbose stack     at CachingRegistryClient.<anonymous> (/usr/local/lib/node_modules/npm/node_modules/npm-registry-client/lib/request.js:292:14)
51 verbose stack     at Request._callback (/usr/local/lib/node_modules/npm/node_modules/npm-registry-client/lib/request.js:212:14)
51 verbose stack     at Request.self.callback (/usr/local/lib/node_modules/npm/node_modules/request/request.js:186:22)
51 verbose stack     at emitTwo (events.js:106:13)
51 verbose stack     at Request.emit (events.js:194:7)
51 verbose stack     at Request.<anonymous> (/usr/local/lib/node_modules/npm/node_modules/request/request.js:1081:10)
51 verbose stack     at emitOne (events.js:96:13)
51 verbose stack     at Request.emit (events.js:191:7)
51 verbose stack     at IncomingMessage.<anonymous> (/usr/local/lib/node_modules/npm/node_modules/request/request.js:1001:12)
52 verbose statusCode 403
53 verbose pkgid fin-sentiment
54 verbose cwd /Users/alisaleem/Projects/fin/fin-sentiment
55 error Darwin 16.4.0
56 error argv "/usr/local/bin/node" "/usr/local/bin/npm" "publish"
57 error node v7.7.4
58 error npm  v4.1.2
59 error code E403
60 error "You cannot publish over the previously published version 1.0.5." : fin-sentiment
61 error If you need help, you may report this error at:
61 error     <https://github.com/npm/npm/issues>
62 verbose exit [ 1, true ]
